c:\users\mpfs\contacts\documents\github\fa\fa2d\box2d-master\box2d\build\vs2013\bin\x32\debug\glfw.pdb
c:\users\mpfs\contacts\documents\github\fa\fa2d\box2d-master\box2d\build\vs2013\bin\x32\debug\glfw.idb
c:\users\mpfs\contacts\documents\github\fa\fa2d\box2d-master\box2d\build\vs2013\obj\x32\debug\glfw\clipboard.obj
c:\users\mpfs\contacts\documents\github\fa\fa2d\box2d-master\box2d\build\vs2013\obj\x32\debug\glfw\context.obj
c:\users\mpfs\contacts\documents\github\fa\fa2d\box2d-master\box2d\build\vs2013\obj\x32\debug\glfw\gamma.obj
c:\users\mpfs\contacts\documents\github\fa\fa2d\box2d-master\box2d\build\vs2013\obj\x32\debug\glfw\init.obj
c:\users\mpfs\contacts\documents\github\fa\fa2d\box2d-master\box2d\build\vs2013\obj\x32\debug\glfw\input.obj
c:\users\mpfs\contacts\documents\github\fa\fa2d\box2d-master\box2d\build\vs2013\obj\x32\debug\glfw\joystick.obj
c:\users\mpfs\contacts\documents\github\fa\fa2d\box2d-master\box2d\build\vs2013\obj\x32\debug\glfw\monitor.obj
c:\users\mpfs\contacts\documents\github\fa\fa2d\box2d-master\box2d\build\vs2013\obj\x32\debug\glfw\time.obj
c:\users\mpfs\contacts\documents\github\fa\fa2d\box2d-master\box2d\build\vs2013\obj\x32\debug\glfw\wgl_context.obj
c:\users\mpfs\contacts\documents\github\fa\fa2d\box2d-master\box2d\build\vs2013\obj\x32\debug\glfw\win32_clipboard.obj
c:\users\mpfs\contacts\documents\github\fa\fa2d\box2d-master\box2d\build\vs2013\obj\x32\debug\glfw\win32_gamma.obj
c:\users\mpfs\contacts\documents\github\fa\fa2d\box2d-master\box2d\build\vs2013\obj\x32\debug\glfw\win32_init.obj
c:\users\mpfs\contacts\documents\github\fa\fa2d\box2d-master\box2d\build\vs2013\obj\x32\debug\glfw\win32_joystick.obj
c:\users\mpfs\contacts\documents\github\fa\fa2d\box2d-master\box2d\build\vs2013\obj\x32\debug\glfw\win32_monitor.obj
c:\users\mpfs\contacts\documents\github\fa\fa2d\box2d-master\box2d\build\vs2013\obj\x32\debug\glfw\win32_time.obj
c:\users\mpfs\contacts\documents\github\fa\fa2d\box2d-master\box2d\build\vs2013\obj\x32\debug\glfw\win32_window.obj
c:\users\mpfs\contacts\documents\github\fa\fa2d\box2d-master\box2d\build\vs2013\obj\x32\debug\glfw\window.obj
c:\users\mpfs\contacts\documents\github\fa\fa2d\box2d-master\box2d\build\vs2013\bin\x32\debug\glfw.lib
c:\users\mpfs\contacts\documents\github\fa\fa2d\box2d-master\box2d\build\vs2013\obj\x32\debug\glfw\glfw.tlog\cl.command.1.tlog
c:\users\mpfs\contacts\documents\github\fa\fa2d\box2d-master\box2d\build\vs2013\obj\x32\debug\glfw\glfw.tlog\cl.read.1.tlog
c:\users\mpfs\contacts\documents\github\fa\fa2d\box2d-master\box2d\build\vs2013\obj\x32\debug\glfw\glfw.tlog\cl.write.1.tlog
c:\users\mpfs\contacts\documents\github\fa\fa2d\box2d-master\box2d\build\vs2013\obj\x32\debug\glfw\glfw.tlog\lib-link.read.1.tlog
c:\users\mpfs\contacts\documents\github\fa\fa2d\box2d-master\box2d\build\vs2013\obj\x32\debug\glfw\glfw.tlog\lib-link.write.1.tlog
c:\users\mpfs\contacts\documents\github\fa\fa2d\box2d-master\box2d\build\vs2013\obj\x32\debug\glfw\glfw.tlog\lib.command.1.tlog
